The following modules were not unloaded:
  (Use "module --force purge" to unload all):

  1) StdEnv
Invoking mpirun
[32mâœ”[39m Initialized MPI cluster
[36mâ„¹[39m Cluster size is: [34m[34m17[34m[39m
[1] TRUE
[1] TRUE
[1] TRUE
[32mâœ”[39m Read [34m[34mcovidtracking-smoothed.csv[34m[39m, all assertions passed
[33m![39m Filtering out the following states:
â— Puerto Rico
[32mâœ”[39m Configuration finished successfully. Summary:
â— Washington
  â—¯ Death data: 124 obs
  â—¯ Cases data: 124 obs
  â—¯ Fracpos data: 124 obs
â— Rhode Island
  â—¯ Death data: 85 obs
  â—¯ Cases data: 85 obs
  â—¯ Fracpos data: 85 obs
â— Michigan
  â—¯ Death data: 85 obs
  â—¯ Cases data: 85 obs
  â—¯ Fracpos data: 85 obs
â— Wisconsin
  â—¯ Death data: 82 obs
  â—¯ Cases data: 82 obs
  â—¯ Fracpos data: 82 obs
â— Texas
  â—¯ Death data: 82 obs
  â—¯ Cases data: 82 obs
  â—¯ Fracpos data: 82 obs
â— South Carolina
  â—¯ Death data: 82 obs
  â—¯ Cases data: 82 obs
  â—¯ Fracpos data: 82 obs
â— Oregon
  â—¯ Death data: 82 obs
  â—¯ Cases data: 82 obs
  â—¯ Fracpos data: 82 obs
â— New York
  â—¯ Death data: 82 obs
  â—¯ Cases data: 82 obs
  â—¯ Fracpos data: 82 obs
â— New Hampshire
  â—¯ Death data: 82 obs
  â—¯ Cases data: 82 obs
  â—¯ Fracpos data: 82 obs
â— North Carolina
  â—¯ Death data: 82 obs
  â—¯ Cases data: 82 obs
  â—¯ Fracpos data: 82 obs
â— Illinois
  â—¯ Death data: 82 obs
  â—¯ Cases data: 82 obs
  â—¯ Fracpos data: 82 obs
â— Georgia
  â—¯ Death data: 82 obs
  â—¯ Cases data: 82 obs
  â—¯ Fracpos data: 82 obs
â— Florida
  â—¯ Death data: 82 obs
  â—¯ Cases data: 82 obs
  â—¯ Fracpos data: 82 obs
â— California
  â—¯ Death data: 82 obs
  â—¯ Cases data: 82 obs
  â—¯ Fracpos data: 82 obs
â— Arizona
  â—¯ Death data: 82 obs
  â—¯ Cases data: 82 obs
  â—¯ Fracpos data: 82 obs
â— Virginia
  â—¯ Death data: 81 obs
  â—¯ Cases data: 81 obs
  â—¯ Fracpos data: 81 obs
â— Tennessee
  â—¯ Death data: 81 obs
  â—¯ Cases data: 81 obs
  â—¯ Fracpos data: 81 obs
â— Ohio
  â—¯ Death data: 81 obs
  â—¯ Cases data: 81 obs
  â—¯ Fracpos data: 81 obs
â— Nevada
  â—¯ Death data: 81 obs
  â—¯ Cases data: 81 obs
  â—¯ Fracpos data: 81 obs
â— New Jersey
  â—¯ Death data: 81 obs
  â—¯ Cases data: 81 obs
  â—¯ Fracpos data: 81 obs
â— Nebraska
  â—¯ Death data: 81 obs
  â—¯ Cases data: 81 obs
  â—¯ Fracpos data: 81 obs
â— Maryland
  â—¯ Death data: 81 obs
  â—¯ Cases data: 81 obs
  â—¯ Fracpos data: 81 obs
â— District of Columbia
  â—¯ Death data: 81 obs
  â—¯ Cases data: 81 obs
  â—¯ Fracpos data: 81 obs
â— Colorado
  â—¯ Death data: 81 obs
  â—¯ Cases data: 81 obs
  â—¯ Fracpos data: 81 obs
â— West Virginia
  â—¯ Death data: 80 obs
  â—¯ Cases data: 80 obs
  â—¯ Fracpos data: 80 obs
â— Vermont
  â—¯ Death data: 80 obs
  â—¯ Cases data: 80 obs
  â—¯ Fracpos data: 80 obs
â— Pennsylvania
  â—¯ Death data: 80 obs
  â—¯ Cases data: 80 obs
  â—¯ Fracpos data: 80 obs
â— New Mexico
  â—¯ Death data: 80 obs
  â—¯ Cases data: 80 obs
  â—¯ Fracpos data: 80 obs
â— Minnesota
  â—¯ Death data: 80 obs
  â—¯ Cases data: 80 obs
  â—¯ Fracpos data: 80 obs
â— Kentucky
  â—¯ Death data: 80 obs
  â—¯ Cases data: 80 obs
  â—¯ Fracpos data: 80 obs
â— Kansas
  â—¯ Death data: 80 obs
  â—¯ Cases data: 80 obs
  â—¯ Fracpos data: 80 obs
â— Indiana
  â—¯ Death data: 80 obs
  â—¯ Cases data: 80 obs
  â—¯ Fracpos data: 80 obs
â— Iowa
  â—¯ Death data: 80 obs
  â—¯ Cases data: 80 obs
  â—¯ Fracpos data: 80 obs
â— Delaware
  â—¯ Death data: 80 obs
  â—¯ Cases data: 80 obs
  â—¯ Fracpos data: 80 obs
â— Arkansas
  â—¯ Death data: 80 obs
  â—¯ Cases data: 80 obs
  â—¯ Fracpos data: 80 obs
â— Alaska
  â—¯ Death data: 80 obs
  â—¯ Cases data: 80 obs
  â—¯ Fracpos data: 80 obs
â— Wyoming
  â—¯ Death data: 79 obs
  â—¯ Cases data: 79 obs
  â—¯ Fracpos data: 79 obs
â— Utah
  â—¯ Death data: 79 obs
  â—¯ Cases data: 79 obs
  â—¯ Fracpos data: 79 obs
â— South Dakota
  â—¯ Death data: 79 obs
  â—¯ Cases data: 79 obs
  â—¯ Fracpos data: 79 obs
â— Oklahoma
  â—¯ Death data: 79 obs
  â—¯ Cases data: 79 obs
  â—¯ Fracpos data: 79 obs
â— North Dakota
  â—¯ Death data: 79 obs
  â—¯ Cases data: 79 obs
  â—¯ Fracpos data: 79 obs
â— Montana
  â—¯ Death data: 79 obs
  â—¯ Cases data: 79 obs
  â—¯ Fracpos data: 79 obs
â— Mississippi
  â—¯ Death data: 79 obs
  â—¯ Cases data: 79 obs
  â—¯ Fracpos data: 79 obs
â— Missouri
  â—¯ Death data: 79 obs
  â—¯ Cases data: 79 obs
  â—¯ Fracpos data: 79 obs
â— Maine
  â—¯ Death data: 79 obs
  â—¯ Cases data: 79 obs
  â—¯ Fracpos data: 79 obs
â— Louisiana
  â—¯ Death data: 79 obs
  â—¯ Cases data: 79 obs
  â—¯ Fracpos data: 79 obs
â— Idaho
  â—¯ Death data: 79 obs
  â—¯ Cases data: 79 obs
  â—¯ Fracpos data: 79 obs
â— Hawaii
  â—¯ Death data: 79 obs
  â—¯ Cases data: 79 obs
  â—¯ Fracpos data: 79 obs
â— Connecticut
  â—¯ Death data: 79 obs
  â—¯ Cases data: 79 obs
  â—¯ Fracpos data: 79 obs
â— Alabama
  â—¯ Death data: 79 obs
  â—¯ Cases data: 79 obs
  â—¯ Fracpos data: 79 obs
â— Massachusetts
  â—¯ Death data: 74 obs
  â—¯ Cases data: 74 obs
  â—¯ Fracpos data: 74 obs
â— Virgin Islands
  â—¯ Death data: 70 obs
  â—¯ Cases data: 70 obs
  â—¯ Fracpos data: 70 obs
â— Northern Mariana Islands
  â—¯ Death data: 70 obs
  â—¯ Cases data: 70 obs
  â—¯ Fracpos data: 70 obs
â— Guam
  â—¯ Death data: 70 obs
  â—¯ Cases data: 70 obs
  â—¯ Fracpos data: 70 obs
â— American Samoa
  â—¯ Death data: 70 obs
  â—¯ Cases data: 70 obs
  â—¯ Fracpos data: 70 obs
[36mâ„¹[39m Beginning model executions
[32mâœ”[39m Finished model executions
[32mâœ”[39m Saved result to longrun.rds
